2025-04-19 13:07:37,229 - INFO - Starte Reddit-Scraping...
2025-04-19 13:07:44,265 - INFO - 117 Einträge gespeichert unter data\raw\reddit_data.csv
2025-04-19 13:07:47,805 - INFO - Starte Reddit-Scraping...
2025-04-19 13:07:54,273 - INFO - 121 Einträge gespeichert unter data\raw\reddit_data.csv
2025-04-19 13:14:07,460 - INFO - Starte Reddit-Scraping...
2025-04-19 13:14:14,002 - INFO - 118 Einträge gespeichert unter ..\data\raw\reddit_data.csv
2025-04-19 13:15:41,727 - INFO - Starte Reddit-Scraping...
2025-04-19 13:15:48,849 - INFO - 161 Einträge gespeichert unter ..\app\data\raw\reddit_data.csv
2025-04-19 13:15:50,531 - INFO - Starte Reddit-Scraping...
2025-04-19 13:15:57,472 - INFO - 163 Einträge gespeichert unter ..\app\data\raw\reddit_data.csv
2025-04-19 13:21:45,574 - INFO - Starte Reddit-Scraping...
2025-04-19 13:21:52,635 - INFO - 117 Einträge gespeichert unter ..\data\raw\reddit_data.csv
2025-04-19 13:22:20,769 - INFO - Starte Reddit-Scraping...
2025-04-19 13:22:27,600 - INFO - 164 Einträge gespeichert unter ..\app\data\raw\reddit_data.csv
2025-04-19 13:22:44,747 - INFO - Starte Reddit-Scraping...
2025-04-19 13:22:50,877 - INFO - 164 Einträge gespeichert unter ..\app\data\raw\reddit_data.csv
2025-04-19 13:28:06,736 - INFO - Starte Reddit-Scraping...
2025-04-19 13:28:13,445 - INFO - 164 Einträge gespeichert unter ..\app\data\raw\reddit_data.csv
2025-04-19 13:29:07,242 - INFO - Starte Reddit-Scraping...
2025-04-19 13:29:14,531 - INFO - 164 Einträge gespeichert unter ..\app\data\raw\reddit_data.csv
2025-04-19 14:23:21,324 - INFO - Starte Reddit-Scraping...
2025-04-19 14:23:28,175 - INFO - 167 Einträge gespeichert unter ..\app\data\raw\reddit_data.csv
2025-04-23 12:47:46,691 - INFO - \U0001f50d Starte Reddit-Scraping...
2025-04-23 12:47:52,934 - ERROR -  Fehler beim Reddit-Scraping: 'str' object has no attribute 'parent'
2025-04-23 12:53:52,205 - INFO - \U0001f50d Starte Reddit-Scraping...
2025-04-23 12:53:58,586 - ERROR -  Fehler beim Reddit-Scraping: 'str' object has no attribute 'parent'
2025-04-23 12:55:03,976 - INFO - \U0001f50d Starte Reddit-Scraping...
2025-04-23 12:55:10,668 - ERROR -  Fehler beim Reddit-Scraping: 'str' object has no attribute 'parent'
2025-04-23 12:55:51,080 - INFO - \U0001f50d Starte Reddit-Scraping...
2025-04-23 12:55:57,454 - ERROR -  Fehler beim Reddit-Scraping: 'str' object has no attribute 'parent'
2025-04-23 12:56:52,730 - INFO - \U0001f50d Starte Reddit-Scraping...
2025-04-23 12:56:59,914 - INFO -  179 Einträge gespeichert unter C:\Users\SofiePischl\Documents\01_HdM\10_ML_OPS\TrendAnalyse Social Media\app\data\raw\reddit_data.csv
