2025-04-23 09:08:33,423 - INFO - Starte Twitter-Scraping für Suchbegriff: #news
2025-04-23 09:08:33,630 - ERROR - Fehler beim Twitter-Scraping: 401 Unauthorized
Unauthorized
2025-04-23 09:09:34,640 - INFO - Starte Twitter-Scraping für Suchbegriff: #news
2025-04-23 09:09:34,863 - ERROR - Fehler beim Twitter-Scraping: 401 Unauthorized
Unauthorized
2025-04-23 09:10:26,291 - INFO - Starte Twitter-Scraping für Suchbegriff: #news
2025-04-23 09:10:26,514 - ERROR - Fehler beim Twitter-Scraping: 401 Unauthorized
Unauthorized
2025-04-23 09:10:30,391 - INFO - Starte Twitter-Scraping für Suchbegriff: #news
2025-04-23 09:10:30,584 - ERROR - Fehler beim Twitter-Scraping: 401 Unauthorized
Unauthorized
2025-04-23 09:25:16,567 - WARNING - Rate limit exceeded. Sleeping for 727 seconds.
2025-04-23 09:31:36,025 - INFO - Twitter-Scraping gestartet...
2025-04-23 09:31:36,244 - ERROR - Fehler beim Twitter-Scraping: Twitter API Error: 429 - {"title":"Too Many Requests","detail":"Too Many Requests","type":"about:blank","status":429}
2025-04-23 09:32:58,493 - WARNING - Rate limit exceeded. Sleeping for 265 seconds.
2025-04-23 09:33:28,673 - INFO - Twitter-Scraping gestartet...
2025-04-23 09:33:28,940 - ERROR - Fehler beim Twitter-Scraping: Twitter API Error: 429 - {"title":"Too Many Requests","detail":"Too Many Requests","type":"about:blank","status":429}
2025-04-23 09:42:05,876 - INFO - Retrieving scroll page None
2025-04-23 09:42:05,876 - INFO - Retrieving guest token
2025-04-23 09:42:05,877 - INFO - Retrieving https://twitter.com/search?f=live&lang=en&q=KI+OR+K%C3%BCnstliche+Intelligenz+since%3A2024-04-01+until%3A2024-04-25&src=spelling_expansion_revert_click
2025-04-23 09:42:06,336 - INFO - Retrieved https://twitter.com/search?f=live&lang=en&q=KI+OR+K%C3%BCnstliche+Intelligenz+since%3A2024-04-01+until%3A2024-04-25&src=spelling_expansion_revert_click (redirected to https://x.com/search?f=live&lang=en&q=KI+OR+K%C3%BCnstliche+Intelligenz+since%3A2024-04-01+until%3A2024-04-25&src=spelling_expansion_revert_click): 200
2025-04-23 09:42:06,337 - INFO - Retrieving guest token via API
2025-04-23 09:42:06,338 - INFO - Retrieving https://api.twitter.com/1.1/guest/activate.json
2025-04-23 09:42:06,550 - INFO - Retrieved https://api.twitter.com/1.1/guest/activate.json: 200
2025-04-23 09:42:06,553 - INFO - Retrieving https://twitter.com/i/api/graphql/7jT5GT59P8IFjgxwqnEdQw/SearchTimeline?variables=%7B%22rawQuery%22%3A%22KI%20OR%20K%5Cu00fcnstliche%20Intelligenz%20since%3A2024-04-01%20until%3A2024-04-25%22%2C%22count%22%3A20%2C%22product%22%3A%22Latest%22%2C%22withDownvotePerspective%22%3Afalse%2C%22withReactionsMetadata%22%3Afalse%2C%22withReactionsPerspective%22%3Afalse%7D&features=%7B%22rweb_lists_timeline_redesign_enabled%22%3Afalse%2C%22blue_business_profile_image_shape_enabled%22%3Afalse%2C%22responsive_web_graphql_exclude_directive_enabled%22%3Atrue%2C%22verified_phone_label_enabled%22%3Afalse%2C%22creator_subscriptions_tweet_preview_api_enabled%22%3Afalse%2C%22responsive_web_graphql_timeline_navigation_enabled%22%3Atrue%2C%22responsive_web_graphql_skip_user_profile_image_extensions_enabled%22%3Afalse%2C%22tweetypie_unmention_optimization_enabled%22%3Atrue%2C%22vibe_api_enabled%22%3Atrue%2C%22responsive_web_edit_tweet_api_enabled%22%3Atrue%2C%22graphql_is_translatable_rweb_tweet_is_translatable_enabled%22%3Atrue%2C%22view_counts_everywhere_api_enabled%22%3Atrue%2C%22longform_notetweets_consumption_enabled%22%3Atrue%2C%22tweet_awards_web_tipping_enabled%22%3Afalse%2C%22freedom_of_speech_not_reach_fetch_enabled%22%3Afalse%2C%22standardized_nudges_misinfo%22%3Atrue%2C%22tweet_with_visibility_results_prefer_gql_limited_actions_policy_enabled%22%3Afalse%2C%22interactive_text_enabled%22%3Atrue%2C%22responsive_web_text_conversations_enabled%22%3Afalse%2C%22longform_notetweets_rich_text_read_enabled%22%3Afalse%2C%22longform_notetweets_inline_media_enabled%22%3Afalse%2C%22responsive_web_enhance_cards_enabled%22%3Afalse%2C%22responsive_web_twitter_blue_verified_badge_is_enabled%22%3Atrue%7D
2025-04-23 09:42:06,690 - INFO - Retrieved https://twitter.com/i/api/graphql/7jT5GT59P8IFjgxwqnEdQw/SearchTimeline?variables=%7B%22rawQuery%22%3A%22KI%20OR%20K%5Cu00fcnstliche%20Intelligenz%20since%3A2024-04-01%20until%3A2024-04-25%22%2C%22count%22%3A20%2C%22product%22%3A%22Latest%22%2C%22withDownvotePerspective%22%3Afalse%2C%22withReactionsMetadata%22%3Afalse%2C%22withReactionsPerspective%22%3Afalse%7D&features=%7B%22rweb_lists_timeline_redesign_enabled%22%3Afalse%2C%22blue_business_profile_image_shape_enabled%22%3Afalse%2C%22responsive_web_graphql_exclude_directive_enabled%22%3Atrue%2C%22verified_phone_label_enabled%22%3Afalse%2C%22creator_subscriptions_tweet_preview_api_enabled%22%3Afalse%2C%22responsive_web_graphql_timeline_navigation_enabled%22%3Atrue%2C%22responsive_web_graphql_skip_user_profile_image_extensions_enabled%22%3Afalse%2C%22tweetypie_unmention_optimization_enabled%22%3Atrue%2C%22vibe_api_enabled%22%3Atrue%2C%22responsive_web_edit_tweet_api_enabled%22%3Atrue%2C%22graphql_is_translatable_rweb_tweet_is_translatable_enabled%22%3Atrue%2C%22view_counts_everywhere_api_enabled%22%3Atrue%2C%22longform_notetweets_consumption_enabled%22%3Atrue%2C%22tweet_awards_web_tipping_enabled%22%3Afalse%2C%22freedom_of_speech_not_reach_fetch_enabled%22%3Afalse%2C%22standardized_nudges_misinfo%22%3Atrue%2C%22tweet_with_visibility_results_prefer_gql_limited_actions_policy_enabled%22%3Afalse%2C%22interactive_text_enabled%22%3Atrue%2C%22responsive_web_text_conversations_enabled%22%3Afalse%2C%22longform_notetweets_rich_text_read_enabled%22%3Afalse%2C%22longform_notetweets_inline_media_enabled%22%3Afalse%2C%22responsive_web_enhance_cards_enabled%22%3Afalse%2C%22responsive_web_twitter_blue_verified_badge_is_enabled%22%3Atrue%7D: 404
2025-04-23 09:42:06,691 - INFO - Retrieving guest token
2025-04-23 09:42:06,693 - INFO - Retrieving https://twitter.com/search?f=live&lang=en&q=KI+OR+K%C3%BCnstliche+Intelligenz+since%3A2024-04-01+until%3A2024-04-25&src=spelling_expansion_revert_click
2025-04-23 09:42:07,026 - INFO - Retrieved https://twitter.com/search?f=live&lang=en&q=KI+OR+K%C3%BCnstliche+Intelligenz+since%3A2024-04-01+until%3A2024-04-25&src=spelling_expansion_revert_click (redirected to https://x.com/search?f=live&lang=en&q=KI+OR+K%C3%BCnstliche+Intelligenz+since%3A2024-04-01+until%3A2024-04-25&src=spelling_expansion_revert_click): 200
2025-04-23 09:42:07,027 - INFO - Retrieving guest token via API
2025-04-23 09:42:07,028 - INFO - Retrieving https://api.twitter.com/1.1/guest/activate.json
2025-04-23 09:42:07,163 - INFO - Retrieved https://api.twitter.com/1.1/guest/activate.json: 200
2025-04-23 09:42:07,164 - INFO - Error retrieving https://twitter.com/i/api/graphql/7jT5GT59P8IFjgxwqnEdQw/SearchTimeline?variables=%7B%22rawQuery%22%3A%22KI%20OR%20K%5Cu00fcnstliche%20Intelligenz%20since%3A2024-04-01%20until%3A2024-04-25%22%2C%22count%22%3A20%2C%22product%22%3A%22Latest%22%2C%22withDownvotePerspective%22%3Afalse%2C%22withReactionsMetadata%22%3Afalse%2C%22withReactionsPerspective%22%3Afalse%7D&features=%7B%22rweb_lists_timeline_redesign_enabled%22%3Afalse%2C%22blue_business_profile_image_shape_enabled%22%3Afalse%2C%22responsive_web_graphql_exclude_directive_enabled%22%3Atrue%2C%22verified_phone_label_enabled%22%3Afalse%2C%22creator_subscriptions_tweet_preview_api_enabled%22%3Afalse%2C%22responsive_web_graphql_timeline_navigation_enabled%22%3Atrue%2C%22responsive_web_graphql_skip_user_profile_image_extensions_enabled%22%3Afalse%2C%22tweetypie_unmention_optimization_enabled%22%3Atrue%2C%22vibe_api_enabled%22%3Atrue%2C%22responsive_web_edit_tweet_api_enabled%22%3Atrue%2C%22graphql_is_translatable_rweb_tweet_is_translatable_enabled%22%3Atrue%2C%22view_counts_everywhere_api_enabled%22%3Atrue%2C%22longform_notetweets_consumption_enabled%22%3Atrue%2C%22tweet_awards_web_tipping_enabled%22%3Afalse%2C%22freedom_of_speech_not_reach_fetch_enabled%22%3Afalse%2C%22standardized_nudges_misinfo%22%3Atrue%2C%22tweet_with_visibility_results_prefer_gql_limited_actions_policy_enabled%22%3Afalse%2C%22interactive_text_enabled%22%3Atrue%2C%22responsive_web_text_conversations_enabled%22%3Afalse%2C%22longform_notetweets_rich_text_read_enabled%22%3Afalse%2C%22longform_notetweets_inline_media_enabled%22%3Afalse%2C%22responsive_web_enhance_cards_enabled%22%3Afalse%2C%22responsive_web_twitter_blue_verified_badge_is_enabled%22%3Atrue%7D: blocked (404), retrying
2025-04-23 09:42:07,164 - INFO - Waiting 1 seconds
2025-04-23 09:42:08,166 - INFO - Retrieving https://twitter.com/i/api/graphql/7jT5GT59P8IFjgxwqnEdQw/SearchTimeline?variables=%7B%22rawQuery%22%3A%22KI%20OR%20K%5Cu00fcnstliche%20Intelligenz%20since%3A2024-04-01%20until%3A2024-04-25%22%2C%22count%22%3A20%2C%22product%22%3A%22Latest%22%2C%22withDownvotePerspective%22%3Afalse%2C%22withReactionsMetadata%22%3Afalse%2C%22withReactionsPerspective%22%3Afalse%7D&features=%7B%22rweb_lists_timeline_redesign_enabled%22%3Afalse%2C%22blue_business_profile_image_shape_enabled%22%3Afalse%2C%22responsive_web_graphql_exclude_directive_enabled%22%3Atrue%2C%22verified_phone_label_enabled%22%3Afalse%2C%22creator_subscriptions_tweet_preview_api_enabled%22%3Afalse%2C%22responsive_web_graphql_timeline_navigation_enabled%22%3Atrue%2C%22responsive_web_graphql_skip_user_profile_image_extensions_enabled%22%3Afalse%2C%22tweetypie_unmention_optimization_enabled%22%3Atrue%2C%22vibe_api_enabled%22%3Atrue%2C%22responsive_web_edit_tweet_api_enabled%22%3Atrue%2C%22graphql_is_translatable_rweb_tweet_is_translatable_enabled%22%3Atrue%2C%22view_counts_everywhere_api_enabled%22%3Atrue%2C%22longform_notetweets_consumption_enabled%22%3Atrue%2C%22tweet_awards_web_tipping_enabled%22%3Afalse%2C%22freedom_of_speech_not_reach_fetch_enabled%22%3Afalse%2C%22standardized_nudges_misinfo%22%3Atrue%2C%22tweet_with_visibility_results_prefer_gql_limited_actions_policy_enabled%22%3Afalse%2C%22interactive_text_enabled%22%3Atrue%2C%22responsive_web_text_conversations_enabled%22%3Afalse%2C%22longform_notetweets_rich_text_read_enabled%22%3Afalse%2C%22longform_notetweets_inline_media_enabled%22%3Afalse%2C%22responsive_web_enhance_cards_enabled%22%3Afalse%2C%22responsive_web_twitter_blue_verified_badge_is_enabled%22%3Atrue%7D
2025-04-23 09:42:08,298 - INFO - Retrieved https://twitter.com/i/api/graphql/7jT5GT59P8IFjgxwqnEdQw/SearchTimeline?variables=%7B%22rawQuery%22%3A%22KI%20OR%20K%5Cu00fcnstliche%20Intelligenz%20since%3A2024-04-01%20until%3A2024-04-25%22%2C%22count%22%3A20%2C%22product%22%3A%22Latest%22%2C%22withDownvotePerspective%22%3Afalse%2C%22withReactionsMetadata%22%3Afalse%2C%22withReactionsPerspective%22%3Afalse%7D&features=%7B%22rweb_lists_timeline_redesign_enabled%22%3Afalse%2C%22blue_business_profile_image_shape_enabled%22%3Afalse%2C%22responsive_web_graphql_exclude_directive_enabled%22%3Atrue%2C%22verified_phone_label_enabled%22%3Afalse%2C%22creator_subscriptions_tweet_preview_api_enabled%22%3Afalse%2C%22responsive_web_graphql_timeline_navigation_enabled%22%3Atrue%2C%22responsive_web_graphql_skip_user_profile_image_extensions_enabled%22%3Afalse%2C%22tweetypie_unmention_optimization_enabled%22%3Atrue%2C%22vibe_api_enabled%22%3Atrue%2C%22responsive_web_edit_tweet_api_enabled%22%3Atrue%2C%22graphql_is_translatable_rweb_tweet_is_translatable_enabled%22%3Atrue%2C%22view_counts_everywhere_api_enabled%22%3Atrue%2C%22longform_notetweets_consumption_enabled%22%3Atrue%2C%22tweet_awards_web_tipping_enabled%22%3Afalse%2C%22freedom_of_speech_not_reach_fetch_enabled%22%3Afalse%2C%22standardized_nudges_misinfo%22%3Atrue%2C%22tweet_with_visibility_results_prefer_gql_limited_actions_policy_enabled%22%3Afalse%2C%22interactive_text_enabled%22%3Atrue%2C%22responsive_web_text_conversations_enabled%22%3Afalse%2C%22longform_notetweets_rich_text_read_enabled%22%3Afalse%2C%22longform_notetweets_inline_media_enabled%22%3Afalse%2C%22responsive_web_enhance_cards_enabled%22%3Afalse%2C%22responsive_web_twitter_blue_verified_badge_is_enabled%22%3Atrue%7D: 404
2025-04-23 09:42:08,298 - INFO - Retrieving guest token
2025-04-23 09:42:08,299 - INFO - Retrieving https://twitter.com/search?f=live&lang=en&q=KI+OR+K%C3%BCnstliche+Intelligenz+since%3A2024-04-01+until%3A2024-04-25&src=spelling_expansion_revert_click
2025-04-23 09:42:08,638 - INFO - Retrieved https://twitter.com/search?f=live&lang=en&q=KI+OR+K%C3%BCnstliche+Intelligenz+since%3A2024-04-01+until%3A2024-04-25&src=spelling_expansion_revert_click (redirected to https://x.com/search?f=live&lang=en&q=KI+OR+K%C3%BCnstliche+Intelligenz+since%3A2024-04-01+until%3A2024-04-25&src=spelling_expansion_revert_click): 200
2025-04-23 09:42:08,639 - INFO - Retrieving guest token via API
2025-04-23 09:42:08,641 - INFO - Retrieving https://api.twitter.com/1.1/guest/activate.json
2025-04-23 09:42:08,777 - INFO - Retrieved https://api.twitter.com/1.1/guest/activate.json: 200
2025-04-23 09:42:08,777 - INFO - Error retrieving https://twitter.com/i/api/graphql/7jT5GT59P8IFjgxwqnEdQw/SearchTimeline?variables=%7B%22rawQuery%22%3A%22KI%20OR%20K%5Cu00fcnstliche%20Intelligenz%20since%3A2024-04-01%20until%3A2024-04-25%22%2C%22count%22%3A20%2C%22product%22%3A%22Latest%22%2C%22withDownvotePerspective%22%3Afalse%2C%22withReactionsMetadata%22%3Afalse%2C%22withReactionsPerspective%22%3Afalse%7D&features=%7B%22rweb_lists_timeline_redesign_enabled%22%3Afalse%2C%22blue_business_profile_image_shape_enabled%22%3Afalse%2C%22responsive_web_graphql_exclude_directive_enabled%22%3Atrue%2C%22verified_phone_label_enabled%22%3Afalse%2C%22creator_subscriptions_tweet_preview_api_enabled%22%3Afalse%2C%22responsive_web_graphql_timeline_navigation_enabled%22%3Atrue%2C%22responsive_web_graphql_skip_user_profile_image_extensions_enabled%22%3Afalse%2C%22tweetypie_unmention_optimization_enabled%22%3Atrue%2C%22vibe_api_enabled%22%3Atrue%2C%22responsive_web_edit_tweet_api_enabled%22%3Atrue%2C%22graphql_is_translatable_rweb_tweet_is_translatable_enabled%22%3Atrue%2C%22view_counts_everywhere_api_enabled%22%3Atrue%2C%22longform_notetweets_consumption_enabled%22%3Atrue%2C%22tweet_awards_web_tipping_enabled%22%3Afalse%2C%22freedom_of_speech_not_reach_fetch_enabled%22%3Afalse%2C%22standardized_nudges_misinfo%22%3Atrue%2C%22tweet_with_visibility_results_prefer_gql_limited_actions_policy_enabled%22%3Afalse%2C%22interactive_text_enabled%22%3Atrue%2C%22responsive_web_text_conversations_enabled%22%3Afalse%2C%22longform_notetweets_rich_text_read_enabled%22%3Afalse%2C%22longform_notetweets_inline_media_enabled%22%3Afalse%2C%22responsive_web_enhance_cards_enabled%22%3Afalse%2C%22responsive_web_twitter_blue_verified_badge_is_enabled%22%3Atrue%7D: blocked (404), retrying
2025-04-23 09:42:08,777 - INFO - Waiting 2 seconds
2025-04-23 09:42:10,788 - INFO - Retrieving https://twitter.com/i/api/graphql/7jT5GT59P8IFjgxwqnEdQw/SearchTimeline?variables=%7B%22rawQuery%22%3A%22KI%20OR%20K%5Cu00fcnstliche%20Intelligenz%20since%3A2024-04-01%20until%3A2024-04-25%22%2C%22count%22%3A20%2C%22product%22%3A%22Latest%22%2C%22withDownvotePerspective%22%3Afalse%2C%22withReactionsMetadata%22%3Afalse%2C%22withReactionsPerspective%22%3Afalse%7D&features=%7B%22rweb_lists_timeline_redesign_enabled%22%3Afalse%2C%22blue_business_profile_image_shape_enabled%22%3Afalse%2C%22responsive_web_graphql_exclude_directive_enabled%22%3Atrue%2C%22verified_phone_label_enabled%22%3Afalse%2C%22creator_subscriptions_tweet_preview_api_enabled%22%3Afalse%2C%22responsive_web_graphql_timeline_navigation_enabled%22%3Atrue%2C%22responsive_web_graphql_skip_user_profile_image_extensions_enabled%22%3Afalse%2C%22tweetypie_unmention_optimization_enabled%22%3Atrue%2C%22vibe_api_enabled%22%3Atrue%2C%22responsive_web_edit_tweet_api_enabled%22%3Atrue%2C%22graphql_is_translatable_rweb_tweet_is_translatable_enabled%22%3Atrue%2C%22view_counts_everywhere_api_enabled%22%3Atrue%2C%22longform_notetweets_consumption_enabled%22%3Atrue%2C%22tweet_awards_web_tipping_enabled%22%3Afalse%2C%22freedom_of_speech_not_reach_fetch_enabled%22%3Afalse%2C%22standardized_nudges_misinfo%22%3Atrue%2C%22tweet_with_visibility_results_prefer_gql_limited_actions_policy_enabled%22%3Afalse%2C%22interactive_text_enabled%22%3Atrue%2C%22responsive_web_text_conversations_enabled%22%3Afalse%2C%22longform_notetweets_rich_text_read_enabled%22%3Afalse%2C%22longform_notetweets_inline_media_enabled%22%3Afalse%2C%22responsive_web_enhance_cards_enabled%22%3Afalse%2C%22responsive_web_twitter_blue_verified_badge_is_enabled%22%3Atrue%7D
2025-04-23 09:42:10,921 - INFO - Retrieved https://twitter.com/i/api/graphql/7jT5GT59P8IFjgxwqnEdQw/SearchTimeline?variables=%7B%22rawQuery%22%3A%22KI%20OR%20K%5Cu00fcnstliche%20Intelligenz%20since%3A2024-04-01%20until%3A2024-04-25%22%2C%22count%22%3A20%2C%22product%22%3A%22Latest%22%2C%22withDownvotePerspective%22%3Afalse%2C%22withReactionsMetadata%22%3Afalse%2C%22withReactionsPerspective%22%3Afalse%7D&features=%7B%22rweb_lists_timeline_redesign_enabled%22%3Afalse%2C%22blue_business_profile_image_shape_enabled%22%3Afalse%2C%22responsive_web_graphql_exclude_directive_enabled%22%3Atrue%2C%22verified_phone_label_enabled%22%3Afalse%2C%22creator_subscriptions_tweet_preview_api_enabled%22%3Afalse%2C%22responsive_web_graphql_timeline_navigation_enabled%22%3Atrue%2C%22responsive_web_graphql_skip_user_profile_image_extensions_enabled%22%3Afalse%2C%22tweetypie_unmention_optimization_enabled%22%3Atrue%2C%22vibe_api_enabled%22%3Atrue%2C%22responsive_web_edit_tweet_api_enabled%22%3Atrue%2C%22graphql_is_translatable_rweb_tweet_is_translatable_enabled%22%3Atrue%2C%22view_counts_everywhere_api_enabled%22%3Atrue%2C%22longform_notetweets_consumption_enabled%22%3Atrue%2C%22tweet_awards_web_tipping_enabled%22%3Afalse%2C%22freedom_of_speech_not_reach_fetch_enabled%22%3Afalse%2C%22standardized_nudges_misinfo%22%3Atrue%2C%22tweet_with_visibility_results_prefer_gql_limited_actions_policy_enabled%22%3Afalse%2C%22interactive_text_enabled%22%3Atrue%2C%22responsive_web_text_conversations_enabled%22%3Afalse%2C%22longform_notetweets_rich_text_read_enabled%22%3Afalse%2C%22longform_notetweets_inline_media_enabled%22%3Afalse%2C%22responsive_web_enhance_cards_enabled%22%3Afalse%2C%22responsive_web_twitter_blue_verified_badge_is_enabled%22%3Atrue%7D: 404
2025-04-23 09:42:10,922 - INFO - Retrieving guest token
2025-04-23 09:42:10,922 - INFO - Retrieving https://twitter.com/search?f=live&lang=en&q=KI+OR+K%C3%BCnstliche+Intelligenz+since%3A2024-04-01+until%3A2024-04-25&src=spelling_expansion_revert_click
2025-04-23 09:42:11,254 - INFO - Retrieved https://twitter.com/search?f=live&lang=en&q=KI+OR+K%C3%BCnstliche+Intelligenz+since%3A2024-04-01+until%3A2024-04-25&src=spelling_expansion_revert_click (redirected to https://x.com/search?f=live&lang=en&q=KI+OR+K%C3%BCnstliche+Intelligenz+since%3A2024-04-01+until%3A2024-04-25&src=spelling_expansion_revert_click): 200
2025-04-23 09:42:11,254 - INFO - Retrieving guest token via API
2025-04-23 09:42:11,256 - INFO - Retrieving https://api.twitter.com/1.1/guest/activate.json
2025-04-23 09:42:11,389 - INFO - Retrieved https://api.twitter.com/1.1/guest/activate.json: 200
2025-04-23 09:42:11,390 - INFO - Error retrieving https://twitter.com/i/api/graphql/7jT5GT59P8IFjgxwqnEdQw/SearchTimeline?variables=%7B%22rawQuery%22%3A%22KI%20OR%20K%5Cu00fcnstliche%20Intelligenz%20since%3A2024-04-01%20until%3A2024-04-25%22%2C%22count%22%3A20%2C%22product%22%3A%22Latest%22%2C%22withDownvotePerspective%22%3Afalse%2C%22withReactionsMetadata%22%3Afalse%2C%22withReactionsPerspective%22%3Afalse%7D&features=%7B%22rweb_lists_timeline_redesign_enabled%22%3Afalse%2C%22blue_business_profile_image_shape_enabled%22%3Afalse%2C%22responsive_web_graphql_exclude_directive_enabled%22%3Atrue%2C%22verified_phone_label_enabled%22%3Afalse%2C%22creator_subscriptions_tweet_preview_api_enabled%22%3Afalse%2C%22responsive_web_graphql_timeline_navigation_enabled%22%3Atrue%2C%22responsive_web_graphql_skip_user_profile_image_extensions_enabled%22%3Afalse%2C%22tweetypie_unmention_optimization_enabled%22%3Atrue%2C%22vibe_api_enabled%22%3Atrue%2C%22responsive_web_edit_tweet_api_enabled%22%3Atrue%2C%22graphql_is_translatable_rweb_tweet_is_translatable_enabled%22%3Atrue%2C%22view_counts_everywhere_api_enabled%22%3Atrue%2C%22longform_notetweets_consumption_enabled%22%3Atrue%2C%22tweet_awards_web_tipping_enabled%22%3Afalse%2C%22freedom_of_speech_not_reach_fetch_enabled%22%3Afalse%2C%22standardized_nudges_misinfo%22%3Atrue%2C%22tweet_with_visibility_results_prefer_gql_limited_actions_policy_enabled%22%3Afalse%2C%22interactive_text_enabled%22%3Atrue%2C%22responsive_web_text_conversations_enabled%22%3Afalse%2C%22longform_notetweets_rich_text_read_enabled%22%3Afalse%2C%22longform_notetweets_inline_media_enabled%22%3Afalse%2C%22responsive_web_enhance_cards_enabled%22%3Afalse%2C%22responsive_web_twitter_blue_verified_badge_is_enabled%22%3Atrue%7D: blocked (404), retrying
2025-04-23 09:42:11,390 - INFO - Waiting 4 seconds
2025-04-23 09:42:15,392 - INFO - Retrieving https://twitter.com/i/api/graphql/7jT5GT59P8IFjgxwqnEdQw/SearchTimeline?variables=%7B%22rawQuery%22%3A%22KI%20OR%20K%5Cu00fcnstliche%20Intelligenz%20since%3A2024-04-01%20until%3A2024-04-25%22%2C%22count%22%3A20%2C%22product%22%3A%22Latest%22%2C%22withDownvotePerspective%22%3Afalse%2C%22withReactionsMetadata%22%3Afalse%2C%22withReactionsPerspective%22%3Afalse%7D&features=%7B%22rweb_lists_timeline_redesign_enabled%22%3Afalse%2C%22blue_business_profile_image_shape_enabled%22%3Afalse%2C%22responsive_web_graphql_exclude_directive_enabled%22%3Atrue%2C%22verified_phone_label_enabled%22%3Afalse%2C%22creator_subscriptions_tweet_preview_api_enabled%22%3Afalse%2C%22responsive_web_graphql_timeline_navigation_enabled%22%3Atrue%2C%22responsive_web_graphql_skip_user_profile_image_extensions_enabled%22%3Afalse%2C%22tweetypie_unmention_optimization_enabled%22%3Atrue%2C%22vibe_api_enabled%22%3Atrue%2C%22responsive_web_edit_tweet_api_enabled%22%3Atrue%2C%22graphql_is_translatable_rweb_tweet_is_translatable_enabled%22%3Atrue%2C%22view_counts_everywhere_api_enabled%22%3Atrue%2C%22longform_notetweets_consumption_enabled%22%3Atrue%2C%22tweet_awards_web_tipping_enabled%22%3Afalse%2C%22freedom_of_speech_not_reach_fetch_enabled%22%3Afalse%2C%22standardized_nudges_misinfo%22%3Atrue%2C%22tweet_with_visibility_results_prefer_gql_limited_actions_policy_enabled%22%3Afalse%2C%22interactive_text_enabled%22%3Atrue%2C%22responsive_web_text_conversations_enabled%22%3Afalse%2C%22longform_notetweets_rich_text_read_enabled%22%3Afalse%2C%22longform_notetweets_inline_media_enabled%22%3Afalse%2C%22responsive_web_enhance_cards_enabled%22%3Afalse%2C%22responsive_web_twitter_blue_verified_badge_is_enabled%22%3Atrue%7D
2025-04-23 09:42:15,526 - INFO - Retrieved https://twitter.com/i/api/graphql/7jT5GT59P8IFjgxwqnEdQw/SearchTimeline?variables=%7B%22rawQuery%22%3A%22KI%20OR%20K%5Cu00fcnstliche%20Intelligenz%20since%3A2024-04-01%20until%3A2024-04-25%22%2C%22count%22%3A20%2C%22product%22%3A%22Latest%22%2C%22withDownvotePerspective%22%3Afalse%2C%22withReactionsMetadata%22%3Afalse%2C%22withReactionsPerspective%22%3Afalse%7D&features=%7B%22rweb_lists_timeline_redesign_enabled%22%3Afalse%2C%22blue_business_profile_image_shape_enabled%22%3Afalse%2C%22responsive_web_graphql_exclude_directive_enabled%22%3Atrue%2C%22verified_phone_label_enabled%22%3Afalse%2C%22creator_subscriptions_tweet_preview_api_enabled%22%3Afalse%2C%22responsive_web_graphql_timeline_navigation_enabled%22%3Atrue%2C%22responsive_web_graphql_skip_user_profile_image_extensions_enabled%22%3Afalse%2C%22tweetypie_unmention_optimization_enabled%22%3Atrue%2C%22vibe_api_enabled%22%3Atrue%2C%22responsive_web_edit_tweet_api_enabled%22%3Atrue%2C%22graphql_is_translatable_rweb_tweet_is_translatable_enabled%22%3Atrue%2C%22view_counts_everywhere_api_enabled%22%3Atrue%2C%22longform_notetweets_consumption_enabled%22%3Atrue%2C%22tweet_awards_web_tipping_enabled%22%3Afalse%2C%22freedom_of_speech_not_reach_fetch_enabled%22%3Afalse%2C%22standardized_nudges_misinfo%22%3Atrue%2C%22tweet_with_visibility_results_prefer_gql_limited_actions_policy_enabled%22%3Afalse%2C%22interactive_text_enabled%22%3Atrue%2C%22responsive_web_text_conversations_enabled%22%3Afalse%2C%22longform_notetweets_rich_text_read_enabled%22%3Afalse%2C%22longform_notetweets_inline_media_enabled%22%3Afalse%2C%22responsive_web_enhance_cards_enabled%22%3Afalse%2C%22responsive_web_twitter_blue_verified_badge_is_enabled%22%3Atrue%7D: 404
2025-04-23 09:42:15,527 - INFO - Retrieving guest token
2025-04-23 09:42:15,527 - INFO - Retrieving https://twitter.com/search?f=live&lang=en&q=KI+OR+K%C3%BCnstliche+Intelligenz+since%3A2024-04-01+until%3A2024-04-25&src=spelling_expansion_revert_click
2025-04-23 09:42:15,853 - INFO - Retrieved https://twitter.com/search?f=live&lang=en&q=KI+OR+K%C3%BCnstliche+Intelligenz+since%3A2024-04-01+until%3A2024-04-25&src=spelling_expansion_revert_click (redirected to https://x.com/search?f=live&lang=en&q=KI+OR+K%C3%BCnstliche+Intelligenz+since%3A2024-04-01+until%3A2024-04-25&src=spelling_expansion_revert_click): 200
2025-04-23 09:42:15,856 - INFO - Retrieving guest token via API
2025-04-23 09:42:15,857 - INFO - Retrieving https://api.twitter.com/1.1/guest/activate.json
2025-04-23 09:42:15,991 - INFO - Retrieved https://api.twitter.com/1.1/guest/activate.json: 200
2025-04-23 09:42:15,991 - ERROR - Error retrieving https://twitter.com/i/api/graphql/7jT5GT59P8IFjgxwqnEdQw/SearchTimeline?variables=%7B%22rawQuery%22%3A%22KI%20OR%20K%5Cu00fcnstliche%20Intelligenz%20since%3A2024-04-01%20until%3A2024-04-25%22%2C%22count%22%3A20%2C%22product%22%3A%22Latest%22%2C%22withDownvotePerspective%22%3Afalse%2C%22withReactionsMetadata%22%3Afalse%2C%22withReactionsPerspective%22%3Afalse%7D&features=%7B%22rweb_lists_timeline_redesign_enabled%22%3Afalse%2C%22blue_business_profile_image_shape_enabled%22%3Afalse%2C%22responsive_web_graphql_exclude_directive_enabled%22%3Atrue%2C%22verified_phone_label_enabled%22%3Afalse%2C%22creator_subscriptions_tweet_preview_api_enabled%22%3Afalse%2C%22responsive_web_graphql_timeline_navigation_enabled%22%3Atrue%2C%22responsive_web_graphql_skip_user_profile_image_extensions_enabled%22%3Afalse%2C%22tweetypie_unmention_optimization_enabled%22%3Atrue%2C%22vibe_api_enabled%22%3Atrue%2C%22responsive_web_edit_tweet_api_enabled%22%3Atrue%2C%22graphql_is_translatable_rweb_tweet_is_translatable_enabled%22%3Atrue%2C%22view_counts_everywhere_api_enabled%22%3Atrue%2C%22longform_notetweets_consumption_enabled%22%3Atrue%2C%22tweet_awards_web_tipping_enabled%22%3Afalse%2C%22freedom_of_speech_not_reach_fetch_enabled%22%3Afalse%2C%22standardized_nudges_misinfo%22%3Atrue%2C%22tweet_with_visibility_results_prefer_gql_limited_actions_policy_enabled%22%3Afalse%2C%22interactive_text_enabled%22%3Atrue%2C%22responsive_web_text_conversations_enabled%22%3Afalse%2C%22longform_notetweets_rich_text_read_enabled%22%3Afalse%2C%22longform_notetweets_inline_media_enabled%22%3Afalse%2C%22responsive_web_enhance_cards_enabled%22%3Afalse%2C%22responsive_web_twitter_blue_verified_badge_is_enabled%22%3Atrue%7D: blocked (404)
2025-04-23 09:42:15,991 - CRITICAL - 4 requests to https://twitter.com/i/api/graphql/7jT5GT59P8IFjgxwqnEdQw/SearchTimeline?variables=%7B%22rawQuery%22%3A%22KI%20OR%20K%5Cu00fcnstliche%20Intelligenz%20since%3A2024-04-01%20until%3A2024-04-25%22%2C%22count%22%3A20%2C%22product%22%3A%22Latest%22%2C%22withDownvotePerspective%22%3Afalse%2C%22withReactionsMetadata%22%3Afalse%2C%22withReactionsPerspective%22%3Afalse%7D&features=%7B%22rweb_lists_timeline_redesign_enabled%22%3Afalse%2C%22blue_business_profile_image_shape_enabled%22%3Afalse%2C%22responsive_web_graphql_exclude_directive_enabled%22%3Atrue%2C%22verified_phone_label_enabled%22%3Afalse%2C%22creator_subscriptions_tweet_preview_api_enabled%22%3Afalse%2C%22responsive_web_graphql_timeline_navigation_enabled%22%3Atrue%2C%22responsive_web_graphql_skip_user_profile_image_extensions_enabled%22%3Afalse%2C%22tweetypie_unmention_optimization_enabled%22%3Atrue%2C%22vibe_api_enabled%22%3Atrue%2C%22responsive_web_edit_tweet_api_enabled%22%3Atrue%2C%22graphql_is_translatable_rweb_tweet_is_translatable_enabled%22%3Atrue%2C%22view_counts_everywhere_api_enabled%22%3Atrue%2C%22longform_notetweets_consumption_enabled%22%3Atrue%2C%22tweet_awards_web_tipping_enabled%22%3Afalse%2C%22freedom_of_speech_not_reach_fetch_enabled%22%3Afalse%2C%22standardized_nudges_misinfo%22%3Atrue%2C%22tweet_with_visibility_results_prefer_gql_limited_actions_policy_enabled%22%3Afalse%2C%22interactive_text_enabled%22%3Atrue%2C%22responsive_web_text_conversations_enabled%22%3Afalse%2C%22longform_notetweets_rich_text_read_enabled%22%3Afalse%2C%22longform_notetweets_inline_media_enabled%22%3Afalse%2C%22responsive_web_enhance_cards_enabled%22%3Afalse%2C%22responsive_web_twitter_blue_verified_badge_is_enabled%22%3Atrue%7D failed, giving up.
2025-04-23 09:42:15,991 - CRITICAL - Errors: blocked (404), blocked (404), blocked (404), blocked (404)
2025-04-23 10:10:50,640 - ERROR - Task exception was never retrieved
future: <Task finished name='Task-2' coro=<Connection.run() done, defined at c:\Users\SofiePischl\Documents\01_HdM\10_ML_OPS\TrendAnalyse Social Media\.venv\lib\site-packages\playwright\_impl\_connection.py:272> exception=NotImplementedError()>
Traceback (most recent call last):
  File "C:\Users\SofiePischl\AppData\Local\Programs\Python\Python310\lib\asyncio\tasks.py", line 232, in __step
    result = coro.send(None)
  File "c:\Users\SofiePischl\Documents\01_HdM\10_ML_OPS\TrendAnalyse Social Media\.venv\lib\site-packages\playwright\_impl\_connection.py", line 279, in run
    await self._transport.connect()
  File "c:\Users\SofiePischl\Documents\01_HdM\10_ML_OPS\TrendAnalyse Social Media\.venv\lib\site-packages\playwright\_impl\_transport.py", line 133, in connect
    raise exc
  File "c:\Users\SofiePischl\Documents\01_HdM\10_ML_OPS\TrendAnalyse Social Media\.venv\lib\site-packages\playwright\_impl\_transport.py", line 120, in connect
    self._proc = await asyncio.create_subprocess_exec(
  File "C:\Users\SofiePischl\AppData\Local\Programs\Python\Python310\lib\asyncio\subprocess.py", line 218, in create_subprocess_exec
    transport, protocol = await loop.subprocess_exec(
  File "C:\Users\SofiePischl\AppData\Local\Programs\Python\Python310\lib\asyncio\base_events.py", line 1652, in subprocess_exec
    transport = await self._make_subprocess_transport(
  File "C:\Users\SofiePischl\AppData\Local\Programs\Python\Python310\lib\asyncio\base_events.py", line 493, in _make_subprocess_transport
    raise NotImplementedError
NotImplementedError
2025-04-23 10:12:43,863 - ERROR - Task exception was never retrieved
future: <Task finished name='Task-4' coro=<Connection.run() done, defined at c:\Users\SofiePischl\Documents\01_HdM\10_ML_OPS\TrendAnalyse Social Media\.venv\lib\site-packages\playwright\_impl\_connection.py:272> exception=NotImplementedError()>
Traceback (most recent call last):
  File "C:\Users\SofiePischl\AppData\Local\Programs\Python\Python310\lib\asyncio\tasks.py", line 232, in __step
    result = coro.send(None)
  File "c:\Users\SofiePischl\Documents\01_HdM\10_ML_OPS\TrendAnalyse Social Media\.venv\lib\site-packages\playwright\_impl\_connection.py", line 279, in run
    await self._transport.connect()
  File "c:\Users\SofiePischl\Documents\01_HdM\10_ML_OPS\TrendAnalyse Social Media\.venv\lib\site-packages\playwright\_impl\_transport.py", line 133, in connect
    raise exc
  File "c:\Users\SofiePischl\Documents\01_HdM\10_ML_OPS\TrendAnalyse Social Media\.venv\lib\site-packages\playwright\_impl\_transport.py", line 120, in connect
    self._proc = await asyncio.create_subprocess_exec(
  File "C:\Users\SofiePischl\AppData\Local\Programs\Python\Python310\lib\asyncio\subprocess.py", line 218, in create_subprocess_exec
    transport, protocol = await loop.subprocess_exec(
  File "C:\Users\SofiePischl\AppData\Local\Programs\Python\Python310\lib\asyncio\base_events.py", line 1652, in subprocess_exec
    transport = await self._make_subprocess_transport(
  File "C:\Users\SofiePischl\AppData\Local\Programs\Python\Python310\lib\asyncio\base_events.py", line 493, in _make_subprocess_transport
    raise NotImplementedError
NotImplementedError
2025-04-23 11:13:52,192 - ERROR - Task exception was never retrieved
future: <Task finished name='Task-6' coro=<Connection.run() done, defined at c:\Users\SofiePischl\Documents\01_HdM\10_ML_OPS\TrendAnalyse Social Media\.venv\lib\site-packages\playwright\_impl\_connection.py:272> exception=NotImplementedError()>
Traceback (most recent call last):
  File "C:\Users\SofiePischl\AppData\Local\Programs\Python\Python310\lib\asyncio\tasks.py", line 232, in __step
    result = coro.send(None)
  File "c:\Users\SofiePischl\Documents\01_HdM\10_ML_OPS\TrendAnalyse Social Media\.venv\lib\site-packages\playwright\_impl\_connection.py", line 279, in run
    await self._transport.connect()
  File "c:\Users\SofiePischl\Documents\01_HdM\10_ML_OPS\TrendAnalyse Social Media\.venv\lib\site-packages\playwright\_impl\_transport.py", line 133, in connect
    raise exc
  File "c:\Users\SofiePischl\Documents\01_HdM\10_ML_OPS\TrendAnalyse Social Media\.venv\lib\site-packages\playwright\_impl\_transport.py", line 120, in connect
    self._proc = await asyncio.create_subprocess_exec(
  File "C:\Users\SofiePischl\AppData\Local\Programs\Python\Python310\lib\asyncio\subprocess.py", line 218, in create_subprocess_exec
    transport, protocol = await loop.subprocess_exec(
  File "C:\Users\SofiePischl\AppData\Local\Programs\Python\Python310\lib\asyncio\base_events.py", line 1652, in subprocess_exec
    transport = await self._make_subprocess_transport(
  File "C:\Users\SofiePischl\AppData\Local\Programs\Python\Python310\lib\asyncio\base_events.py", line 493, in _make_subprocess_transport
    raise NotImplementedError
NotImplementedError
2025-04-23 11:14:16,968 - ERROR - Task exception was never retrieved
future: <Task finished name='Task-8' coro=<Connection.run() done, defined at c:\Users\SofiePischl\Documents\01_HdM\10_ML_OPS\TrendAnalyse Social Media\.venv\lib\site-packages\playwright\_impl\_connection.py:272> exception=NotImplementedError()>
Traceback (most recent call last):
  File "C:\Users\SofiePischl\AppData\Local\Programs\Python\Python310\lib\asyncio\tasks.py", line 232, in __step
    result = coro.send(None)
  File "c:\Users\SofiePischl\Documents\01_HdM\10_ML_OPS\TrendAnalyse Social Media\.venv\lib\site-packages\playwright\_impl\_connection.py", line 279, in run
    await self._transport.connect()
  File "c:\Users\SofiePischl\Documents\01_HdM\10_ML_OPS\TrendAnalyse Social Media\.venv\lib\site-packages\playwright\_impl\_transport.py", line 133, in connect
    raise exc
  File "c:\Users\SofiePischl\Documents\01_HdM\10_ML_OPS\TrendAnalyse Social Media\.venv\lib\site-packages\playwright\_impl\_transport.py", line 120, in connect
    self._proc = await asyncio.create_subprocess_exec(
  File "C:\Users\SofiePischl\AppData\Local\Programs\Python\Python310\lib\asyncio\subprocess.py", line 218, in create_subprocess_exec
    transport, protocol = await loop.subprocess_exec(
  File "C:\Users\SofiePischl\AppData\Local\Programs\Python\Python310\lib\asyncio\base_events.py", line 1652, in subprocess_exec
    transport = await self._make_subprocess_transport(
  File "C:\Users\SofiePischl\AppData\Local\Programs\Python\Python310\lib\asyncio\base_events.py", line 493, in _make_subprocess_transport
    raise NotImplementedError
NotImplementedError
2025-04-23 11:14:46,569 - ERROR - Task exception was never retrieved
future: <Task finished name='Task-10' coro=<Connection.run() done, defined at c:\Users\SofiePischl\Documents\01_HdM\10_ML_OPS\TrendAnalyse Social Media\.venv\lib\site-packages\playwright\_impl\_connection.py:272> exception=NotImplementedError()>
Traceback (most recent call last):
  File "C:\Users\SofiePischl\AppData\Local\Programs\Python\Python310\lib\asyncio\tasks.py", line 232, in __step
    result = coro.send(None)
  File "c:\Users\SofiePischl\Documents\01_HdM\10_ML_OPS\TrendAnalyse Social Media\.venv\lib\site-packages\playwright\_impl\_connection.py", line 279, in run
    await self._transport.connect()
  File "c:\Users\SofiePischl\Documents\01_HdM\10_ML_OPS\TrendAnalyse Social Media\.venv\lib\site-packages\playwright\_impl\_transport.py", line 133, in connect
    raise exc
  File "c:\Users\SofiePischl\Documents\01_HdM\10_ML_OPS\TrendAnalyse Social Media\.venv\lib\site-packages\playwright\_impl\_transport.py", line 120, in connect
    self._proc = await asyncio.create_subprocess_exec(
  File "C:\Users\SofiePischl\AppData\Local\Programs\Python\Python310\lib\asyncio\subprocess.py", line 218, in create_subprocess_exec
    transport, protocol = await loop.subprocess_exec(
  File "C:\Users\SofiePischl\AppData\Local\Programs\Python\Python310\lib\asyncio\base_events.py", line 1652, in subprocess_exec
    transport = await self._make_subprocess_transport(
  File "C:\Users\SofiePischl\AppData\Local\Programs\Python\Python310\lib\asyncio\base_events.py", line 493, in _make_subprocess_transport
    raise NotImplementedError
NotImplementedError
2025-04-23 11:15:34,301 - ERROR - Task exception was never retrieved
future: <Task finished name='Task-13' coro=<Connection.run() done, defined at c:\Users\SofiePischl\Documents\01_HdM\10_ML_OPS\TrendAnalyse Social Media\.venv\lib\site-packages\playwright\_impl\_connection.py:272> exception=NotImplementedError()>
Traceback (most recent call last):
  File "C:\Users\SofiePischl\AppData\Local\Programs\Python\Python310\lib\asyncio\tasks.py", line 232, in __step
    result = coro.send(None)
  File "c:\Users\SofiePischl\Documents\01_HdM\10_ML_OPS\TrendAnalyse Social Media\.venv\lib\site-packages\playwright\_impl\_connection.py", line 279, in run
    await self._transport.connect()
  File "c:\Users\SofiePischl\Documents\01_HdM\10_ML_OPS\TrendAnalyse Social Media\.venv\lib\site-packages\playwright\_impl\_transport.py", line 133, in connect
    raise exc
  File "c:\Users\SofiePischl\Documents\01_HdM\10_ML_OPS\TrendAnalyse Social Media\.venv\lib\site-packages\playwright\_impl\_transport.py", line 120, in connect
    self._proc = await asyncio.create_subprocess_exec(
  File "C:\Users\SofiePischl\AppData\Local\Programs\Python\Python310\lib\asyncio\subprocess.py", line 218, in create_subprocess_exec
    transport, protocol = await loop.subprocess_exec(
  File "C:\Users\SofiePischl\AppData\Local\Programs\Python\Python310\lib\asyncio\base_events.py", line 1652, in subprocess_exec
    transport = await self._make_subprocess_transport(
  File "C:\Users\SofiePischl\AppData\Local\Programs\Python\Python310\lib\asyncio\base_events.py", line 493, in _make_subprocess_transport
    raise NotImplementedError
NotImplementedError
