2025-05-15 10:10:49,702 [INFO] Starting YouTube scraping...
2025-05-15 10:10:53,633 [INFO] Successfully stored 50 YouTube videos in the database
2025-05-15 10:27:23,223 [INFO] Starting YouTube scraping...
2025-05-15 10:27:44,606 [ERROR] Error during YouTube scraping: [WinError 10060] A connection attempt failed because the connected party did not properly respond after a period of time, or established connection failed because connected host has failed to respond
2025-05-15 10:27:44,606 [ERROR] Detailed error:
Traceback (most recent call last):
  File "C:\Users\SofiePischl\Documents\01_HdM\10_ML_OPS\TrendAnalyseSocialMedia\src\scheduler\jobs\youtube_scraper.py", line 104, in scrape_youtube_trending
    response = request.execute()
  File "C:\Users\SofiePischl\Documents\01_HdM\10_ML_OPS\TrendAnalyseSocialMedia\venv\Lib\site-packages\googleapiclient\_helpers.py", line 130, in positional_wrapper
    return wrapped(*args, **kwargs)
  File "C:\Users\SofiePischl\Documents\01_HdM\10_ML_OPS\TrendAnalyseSocialMedia\venv\Lib\site-packages\googleapiclient\http.py", line 923, in execute
    resp, content = _retry_request(
                    ~~~~~~~~~~~~~~^
        http,
        ^^^^^
    ...<7 lines>...
        headers=self.headers,
        ^^^^^^^^^^^^^^^^^^^^^
    )
    ^
  File "C:\Users\SofiePischl\Documents\01_HdM\10_ML_OPS\TrendAnalyseSocialMedia\venv\Lib\site-packages\googleapiclient\http.py", line 222, in _retry_request
    raise exception
  File "C:\Users\SofiePischl\Documents\01_HdM\10_ML_OPS\TrendAnalyseSocialMedia\venv\Lib\site-packages\googleapiclient\http.py", line 191, in _retry_request
    resp, content = http.request(uri, method, *args, **kwargs)
                    ~~~~~~~~~~~~^^^^^^^^^^^^^^^^^^^^^^^^^^^^^^
  File "C:\Users\SofiePischl\Documents\01_HdM\10_ML_OPS\TrendAnalyseSocialMedia\venv\Lib\site-packages\httplib2\__init__.py", line 1724, in request
    (response, content) = self._request(
                          ~~~~~~~~~~~~~^
        conn, authority, uri, request_uri, method, body, headers, redirections, cachekey,
        ^^^^^^^^^^^^^^^^^^^^^^^^^^^^^^^^^^^^^^^^^^^^^^^^^^^^^^^^^^^^^^^^^^^^^^^^^^^^^^^^^
    )
    ^
  File "C:\Users\SofiePischl\Documents\01_HdM\10_ML_OPS\TrendAnalyseSocialMedia\venv\Lib\site-packages\httplib2\__init__.py", line 1444, in _request
    (response, content) = self._conn_request(conn, request_uri, method, body, headers)
                          ~~~~~~~~~~~~~~~~~~^^^^^^^^^^^^^^^^^^^^^^^^^^^^^^^^^^^^^^^^^^
  File "C:\Users\SofiePischl\Documents\01_HdM\10_ML_OPS\TrendAnalyseSocialMedia\venv\Lib\site-packages\httplib2\__init__.py", line 1366, in _conn_request
    conn.connect()
    ~~~~~~~~~~~~^^
  File "C:\Users\SofiePischl\Documents\01_HdM\10_ML_OPS\TrendAnalyseSocialMedia\venv\Lib\site-packages\httplib2\__init__.py", line 1156, in connect
    sock.connect((self.host, self.port))
    ~~~~~~~~~~~~^^^^^^^^^^^^^^^^^^^^^^^^
TimeoutError: [WinError 10060] A connection attempt failed because the connected party did not properly respond after a period of time, or established connection failed because connected host has failed to respond
2025-05-15 10:28:50,858 [INFO] Starting YouTube scraping...
2025-05-15 10:29:12,127 [ERROR] Error during YouTube scraping: [WinError 10060] A connection attempt failed because the connected party did not properly respond after a period of time, or established connection failed because connected host has failed to respond
2025-05-15 10:29:12,128 [ERROR] Detailed error:
Traceback (most recent call last):
  File "C:\Users\SofiePischl\Documents\01_HdM\10_ML_OPS\TrendAnalyseSocialMedia\src\scheduler\jobs\youtube_scraper.py", line 104, in scrape_youtube_trending
    response = request.execute()
  File "C:\Users\SofiePischl\Documents\01_HdM\10_ML_OPS\TrendAnalyseSocialMedia\venv\Lib\site-packages\googleapiclient\_helpers.py", line 130, in positional_wrapper
    return wrapped(*args, **kwargs)
  File "C:\Users\SofiePischl\Documents\01_HdM\10_ML_OPS\TrendAnalyseSocialMedia\venv\Lib\site-packages\googleapiclient\http.py", line 923, in execute
    resp, content = _retry_request(
                    ~~~~~~~~~~~~~~^
        http,
        ^^^^^
    ...<7 lines>...
        headers=self.headers,
        ^^^^^^^^^^^^^^^^^^^^^
    )
    ^
  File "C:\Users\SofiePischl\Documents\01_HdM\10_ML_OPS\TrendAnalyseSocialMedia\venv\Lib\site-packages\googleapiclient\http.py", line 222, in _retry_request
    raise exception
  File "C:\Users\SofiePischl\Documents\01_HdM\10_ML_OPS\TrendAnalyseSocialMedia\venv\Lib\site-packages\googleapiclient\http.py", line 191, in _retry_request
    resp, content = http.request(uri, method, *args, **kwargs)
                    ~~~~~~~~~~~~^^^^^^^^^^^^^^^^^^^^^^^^^^^^^^
  File "C:\Users\SofiePischl\Documents\01_HdM\10_ML_OPS\TrendAnalyseSocialMedia\venv\Lib\site-packages\httplib2\__init__.py", line 1724, in request
    (response, content) = self._request(
                          ~~~~~~~~~~~~~^
        conn, authority, uri, request_uri, method, body, headers, redirections, cachekey,
        ^^^^^^^^^^^^^^^^^^^^^^^^^^^^^^^^^^^^^^^^^^^^^^^^^^^^^^^^^^^^^^^^^^^^^^^^^^^^^^^^^
    )
    ^
  File "C:\Users\SofiePischl\Documents\01_HdM\10_ML_OPS\TrendAnalyseSocialMedia\venv\Lib\site-packages\httplib2\__init__.py", line 1444, in _request
    (response, content) = self._conn_request(conn, request_uri, method, body, headers)
                          ~~~~~~~~~~~~~~~~~~^^^^^^^^^^^^^^^^^^^^^^^^^^^^^^^^^^^^^^^^^^
  File "C:\Users\SofiePischl\Documents\01_HdM\10_ML_OPS\TrendAnalyseSocialMedia\venv\Lib\site-packages\httplib2\__init__.py", line 1366, in _conn_request
    conn.connect()
    ~~~~~~~~~~~~^^
  File "C:\Users\SofiePischl\Documents\01_HdM\10_ML_OPS\TrendAnalyseSocialMedia\venv\Lib\site-packages\httplib2\__init__.py", line 1156, in connect
    sock.connect((self.host, self.port))
    ~~~~~~~~~~~~^^^^^^^^^^^^^^^^^^^^^^^^
TimeoutError: [WinError 10060] A connection attempt failed because the connected party did not properly respond after a period of time, or established connection failed because connected host has failed to respond
2025-05-15 10:30:46,447 [INFO] Starting YouTube scraping...
2025-05-15 10:31:07,660 [ERROR] Error during YouTube scraping: [WinError 10060] A connection attempt failed because the connected party did not properly respond after a period of time, or established connection failed because connected host has failed to respond
2025-05-15 10:31:07,660 [ERROR] Detailed error:
Traceback (most recent call last):
  File "C:\Users\SofiePischl\Documents\01_HdM\10_ML_OPS\TrendAnalyseSocialMedia\src\scheduler\jobs\youtube_scraper.py", line 134, in scrape_youtube_trending
    response = request.execute()
  File "C:\Users\SofiePischl\Documents\01_HdM\10_ML_OPS\TrendAnalyseSocialMedia\venv\Lib\site-packages\googleapiclient\_helpers.py", line 130, in positional_wrapper
    return wrapped(*args, **kwargs)
  File "C:\Users\SofiePischl\Documents\01_HdM\10_ML_OPS\TrendAnalyseSocialMedia\venv\Lib\site-packages\googleapiclient\http.py", line 923, in execute
    resp, content = _retry_request(
                    ~~~~~~~~~~~~~~^
        http,
        ^^^^^
    ...<7 lines>...
        headers=self.headers,
        ^^^^^^^^^^^^^^^^^^^^^
    )
    ^
  File "C:\Users\SofiePischl\Documents\01_HdM\10_ML_OPS\TrendAnalyseSocialMedia\venv\Lib\site-packages\googleapiclient\http.py", line 222, in _retry_request
    raise exception
  File "C:\Users\SofiePischl\Documents\01_HdM\10_ML_OPS\TrendAnalyseSocialMedia\venv\Lib\site-packages\googleapiclient\http.py", line 191, in _retry_request
    resp, content = http.request(uri, method, *args, **kwargs)
                    ~~~~~~~~~~~~^^^^^^^^^^^^^^^^^^^^^^^^^^^^^^
  File "C:\Users\SofiePischl\Documents\01_HdM\10_ML_OPS\TrendAnalyseSocialMedia\venv\Lib\site-packages\httplib2\__init__.py", line 1724, in request
    (response, content) = self._request(
                          ~~~~~~~~~~~~~^
        conn, authority, uri, request_uri, method, body, headers, redirections, cachekey,
        ^^^^^^^^^^^^^^^^^^^^^^^^^^^^^^^^^^^^^^^^^^^^^^^^^^^^^^^^^^^^^^^^^^^^^^^^^^^^^^^^^
    )
    ^
  File "C:\Users\SofiePischl\Documents\01_HdM\10_ML_OPS\TrendAnalyseSocialMedia\venv\Lib\site-packages\httplib2\__init__.py", line 1444, in _request
    (response, content) = self._conn_request(conn, request_uri, method, body, headers)
                          ~~~~~~~~~~~~~~~~~~^^^^^^^^^^^^^^^^^^^^^^^^^^^^^^^^^^^^^^^^^^
  File "C:\Users\SofiePischl\Documents\01_HdM\10_ML_OPS\TrendAnalyseSocialMedia\venv\Lib\site-packages\httplib2\__init__.py", line 1366, in _conn_request
    conn.connect()
    ~~~~~~~~~~~~^^
  File "C:\Users\SofiePischl\Documents\01_HdM\10_ML_OPS\TrendAnalyseSocialMedia\venv\Lib\site-packages\httplib2\__init__.py", line 1156, in connect
    sock.connect((self.host, self.port))
    ~~~~~~~~~~~~^^^^^^^^^^^^^^^^^^^^^^^^
TimeoutError: [WinError 10060] A connection attempt failed because the connected party did not properly respond after a period of time, or established connection failed because connected host has failed to respond
2025-05-15 10:32:32,455 [INFO] Starting YouTube scraping for region DE...
2025-05-15 10:32:33,238 [INFO] Successfully fetched trending videos from YouTube API
2025-05-15 10:32:33,239 [INFO] Found 50 trending videos
2025-05-15 10:32:35,939 [INFO] Successfully stored 50 YouTube videos in the database
2025-05-15 10:41:30,782 [INFO] Last scrape was 9.0 minutes ago - waiting
2025-05-15 10:42:52,921 [INFO] Last scrape was 10.3 minutes ago - waiting
2025-05-15 10:42:52,921 [INFO] Last scrape was 10.3 minutes ago - waiting
2025-05-15 10:42:52,921 [INFO] Last scrape was 10.3 minutes ago - waiting
2025-05-15 10:58:10,723 [INFO] Starting YouTube scraping for region DE...
2025-05-15 10:58:11,359 [INFO] Successfully fetched trending videos from YouTube API
2025-05-15 10:58:11,360 [INFO] Found 50 trending videos
2025-05-15 10:58:14,043 [INFO] Successfully stored 50 YouTube videos in the database
2025-05-15 10:59:50,019 [INFO] Last scrape was 1.6 minutes ago - waiting
2025-05-15 10:59:50,019 [INFO] Last scrape was 1.6 minutes ago - waiting
2025-05-15 10:59:50,019 [INFO] Last scrape was 1.6 minutes ago - waiting
2025-05-15 10:59:50,019 [INFO] Last scrape was 1.6 minutes ago - waiting
2025-05-15 11:14:54,856 [INFO] Starting YouTube scraping for region DE...
2025-05-15 11:14:55,308 [INFO] Successfully fetched trending videos from YouTube API
2025-05-15 11:14:55,308 [INFO] Found 50 trending videos
2025-05-15 11:14:57,990 [INFO] Successfully stored 50 YouTube videos in the database
2025-05-15 14:14:18,424 [INFO] Starting YouTube scraping for region DE...
2025-05-15 14:14:39,821 [ERROR] Error during YouTube scraping: [WinError 10060] A connection attempt failed because the connected party did not properly respond after a period of time, or established connection failed because connected host has failed to respond
2025-05-15 14:14:39,822 [ERROR] Detailed error:
Traceback (most recent call last):
  File "c:\Users\SofiePischl\Documents\01_HdM\10_ML_OPS\TrendAnalyseSocialMedia\src\scheduler\jobs\youtube_scraper.py", line 141, in scrape_youtube_trending
    response = request.execute()
  File "C:\Users\SofiePischl\Documents\01_HdM\10_ML_OPS\TrendAnalyseSocialMedia\venv\Lib\site-packages\googleapiclient\_helpers.py", line 130, in positional_wrapper
    return wrapped(*args, **kwargs)
  File "C:\Users\SofiePischl\Documents\01_HdM\10_ML_OPS\TrendAnalyseSocialMedia\venv\Lib\site-packages\googleapiclient\http.py", line 923, in execute
    resp, content = _retry_request(
                    ~~~~~~~~~~~~~~^
        http,
        ^^^^^
    ...<7 lines>...
        headers=self.headers,
        ^^^^^^^^^^^^^^^^^^^^^
    )
    ^
  File "C:\Users\SofiePischl\Documents\01_HdM\10_ML_OPS\TrendAnalyseSocialMedia\venv\Lib\site-packages\googleapiclient\http.py", line 222, in _retry_request
    raise exception
  File "C:\Users\SofiePischl\Documents\01_HdM\10_ML_OPS\TrendAnalyseSocialMedia\venv\Lib\site-packages\googleapiclient\http.py", line 191, in _retry_request
    resp, content = http.request(uri, method, *args, **kwargs)
                    ~~~~~~~~~~~~^^^^^^^^^^^^^^^^^^^^^^^^^^^^^^
  File "C:\Users\SofiePischl\Documents\01_HdM\10_ML_OPS\TrendAnalyseSocialMedia\venv\Lib\site-packages\httplib2\__init__.py", line 1724, in request
    (response, content) = self._request(
                          ~~~~~~~~~~~~~^
        conn, authority, uri, request_uri, method, body, headers, redirections, cachekey,
        ^^^^^^^^^^^^^^^^^^^^^^^^^^^^^^^^^^^^^^^^^^^^^^^^^^^^^^^^^^^^^^^^^^^^^^^^^^^^^^^^^
    )
    ^
  File "C:\Users\SofiePischl\Documents\01_HdM\10_ML_OPS\TrendAnalyseSocialMedia\venv\Lib\site-packages\httplib2\__init__.py", line 1444, in _request
    (response, content) = self._conn_request(conn, request_uri, method, body, headers)
                          ~~~~~~~~~~~~~~~~~~^^^^^^^^^^^^^^^^^^^^^^^^^^^^^^^^^^^^^^^^^^
  File "C:\Users\SofiePischl\Documents\01_HdM\10_ML_OPS\TrendAnalyseSocialMedia\venv\Lib\site-packages\httplib2\__init__.py", line 1366, in _conn_request
    conn.connect()
    ~~~~~~~~~~~~^^
  File "C:\Users\SofiePischl\Documents\01_HdM\10_ML_OPS\TrendAnalyseSocialMedia\venv\Lib\site-packages\httplib2\__init__.py", line 1156, in connect
    sock.connect((self.host, self.port))
    ~~~~~~~~~~~~^^^^^^^^^^^^^^^^^^^^^^^^
TimeoutError: [WinError 10060] A connection attempt failed because the connected party did not properly respond after a period of time, or established connection failed because connected host has failed to respond
2025-05-15 14:31:23,268 [INFO] Starting YouTube scraping for region DE...
2025-05-15 14:31:24,131 [INFO] Successfully fetched trending videos from YouTube API
2025-05-15 14:31:24,132 [INFO] Found 50 trending videos
2025-05-15 14:31:26,873 [INFO] Successfully stored 50 YouTube videos in the database
2025-05-15 14:48:09,512 [INFO] Starting YouTube scraping for region DE...
2025-05-15 14:48:30,763 [ERROR] Error during YouTube scraping: [WinError 10060] A connection attempt failed because the connected party did not properly respond after a period of time, or established connection failed because connected host has failed to respond
2025-05-15 14:48:30,763 [ERROR] Detailed error:
Traceback (most recent call last):
  File "C:\Users\SofiePischl\Documents\01_HdM\10_ML_OPS\TrendAnalyseSocialMedia\venv\Lib\site-packages\httplib2\__init__.py", line 1396, in _conn_request
    response = conn.getresponse()
  File "C:\Python313\Lib\http\client.py", line 1430, in getresponse
    response.begin()
    ~~~~~~~~~~~~~~^^
  File "C:\Python313\Lib\http\client.py", line 331, in begin
    version, status, reason = self._read_status()
                              ~~~~~~~~~~~~~~~~~^^
  File "C:\Python313\Lib\http\client.py", line 300, in _read_status
    raise RemoteDisconnected("Remote end closed connection without"
                             " response")
http.client.RemoteDisconnected: Remote end closed connection without response

During handling of the above exception, another exception occurred:

Traceback (most recent call last):
  File "c:\Users\SofiePischl\Documents\01_HdM\10_ML_OPS\TrendAnalyseSocialMedia\src\scheduler\jobs\youtube_scraper.py", line 141, in scrape_youtube_trending
    response = request.execute()
  File "C:\Users\SofiePischl\Documents\01_HdM\10_ML_OPS\TrendAnalyseSocialMedia\venv\Lib\site-packages\googleapiclient\_helpers.py", line 130, in positional_wrapper
    return wrapped(*args, **kwargs)
  File "C:\Users\SofiePischl\Documents\01_HdM\10_ML_OPS\TrendAnalyseSocialMedia\venv\Lib\site-packages\googleapiclient\http.py", line 923, in execute
    resp, content = _retry_request(
                    ~~~~~~~~~~~~~~^
        http,
        ^^^^^
    ...<7 lines>...
        headers=self.headers,
        ^^^^^^^^^^^^^^^^^^^^^
    )
    ^
  File "C:\Users\SofiePischl\Documents\01_HdM\10_ML_OPS\TrendAnalyseSocialMedia\venv\Lib\site-packages\googleapiclient\http.py", line 222, in _retry_request
    raise exception
  File "C:\Users\SofiePischl\Documents\01_HdM\10_ML_OPS\TrendAnalyseSocialMedia\venv\Lib\site-packages\googleapiclient\http.py", line 191, in _retry_request
    resp, content = http.request(uri, method, *args, **kwargs)
                    ~~~~~~~~~~~~^^^^^^^^^^^^^^^^^^^^^^^^^^^^^^
  File "C:\Users\SofiePischl\Documents\01_HdM\10_ML_OPS\TrendAnalyseSocialMedia\venv\Lib\site-packages\httplib2\__init__.py", line 1724, in request
    (response, content) = self._request(
                          ~~~~~~~~~~~~~^
        conn, authority, uri, request_uri, method, body, headers, redirections, cachekey,
        ^^^^^^^^^^^^^^^^^^^^^^^^^^^^^^^^^^^^^^^^^^^^^^^^^^^^^^^^^^^^^^^^^^^^^^^^^^^^^^^^^
    )
    ^
  File "C:\Users\SofiePischl\Documents\01_HdM\10_ML_OPS\TrendAnalyseSocialMedia\venv\Lib\site-packages\httplib2\__init__.py", line 1444, in _request
    (response, content) = self._conn_request(conn, request_uri, method, body, headers)
                          ~~~~~~~~~~~~~~~~~~^^^^^^^^^^^^^^^^^^^^^^^^^^^^^^^^^^^^^^^^^^
  File "C:\Users\SofiePischl\Documents\01_HdM\10_ML_OPS\TrendAnalyseSocialMedia\venv\Lib\site-packages\httplib2\__init__.py", line 1405, in _conn_request
    conn.connect()
    ~~~~~~~~~~~~^^
  File "C:\Users\SofiePischl\Documents\01_HdM\10_ML_OPS\TrendAnalyseSocialMedia\venv\Lib\site-packages\httplib2\__init__.py", line 1156, in connect
    sock.connect((self.host, self.port))
    ~~~~~~~~~~~~^^^^^^^^^^^^^^^^^^^^^^^^
TimeoutError: [WinError 10060] A connection attempt failed because the connected party did not properly respond after a period of time, or established connection failed because connected host has failed to respond
2025-05-15 15:05:13,540 [INFO] Starting YouTube scraping for region DE...
2025-05-15 15:05:14,142 [INFO] Successfully fetched trending videos from YouTube API
2025-05-15 15:05:14,143 [INFO] Found 50 trending videos
2025-05-15 15:05:16,807 [INFO] Successfully stored 50 YouTube videos in the database
2025-05-15 15:33:37,253 [INFO] Starting YouTube scraping for region DE...
2025-05-15 15:33:37,255 [ERROR] Error during YouTube scraping: [WinError 10053] An established connection was aborted by the software in your host machine
2025-05-15 15:33:37,255 [ERROR] Detailed error:
Traceback (most recent call last):
  File "c:\Users\SofiePischl\Documents\01_HdM\10_ML_OPS\TrendAnalyseSocialMedia\src\scheduler\jobs\youtube_scraper.py", line 141, in scrape_youtube_trending
    response = request.execute()
  File "C:\Users\SofiePischl\Documents\01_HdM\10_ML_OPS\TrendAnalyseSocialMedia\venv\Lib\site-packages\googleapiclient\_helpers.py", line 130, in positional_wrapper
    return wrapped(*args, **kwargs)
  File "C:\Users\SofiePischl\Documents\01_HdM\10_ML_OPS\TrendAnalyseSocialMedia\venv\Lib\site-packages\googleapiclient\http.py", line 923, in execute
    resp, content = _retry_request(
                    ~~~~~~~~~~~~~~^
        http,
        ^^^^^
    ...<7 lines>...
        headers=self.headers,
        ^^^^^^^^^^^^^^^^^^^^^
    )
    ^
  File "C:\Users\SofiePischl\Documents\01_HdM\10_ML_OPS\TrendAnalyseSocialMedia\venv\Lib\site-packages\googleapiclient\http.py", line 222, in _retry_request
    raise exception
  File "C:\Users\SofiePischl\Documents\01_HdM\10_ML_OPS\TrendAnalyseSocialMedia\venv\Lib\site-packages\googleapiclient\http.py", line 191, in _retry_request
    resp, content = http.request(uri, method, *args, **kwargs)
                    ~~~~~~~~~~~~^^^^^^^^^^^^^^^^^^^^^^^^^^^^^^
  File "C:\Users\SofiePischl\Documents\01_HdM\10_ML_OPS\TrendAnalyseSocialMedia\venv\Lib\site-packages\httplib2\__init__.py", line 1724, in request
    (response, content) = self._request(
                          ~~~~~~~~~~~~~^
        conn, authority, uri, request_uri, method, body, headers, redirections, cachekey,
        ^^^^^^^^^^^^^^^^^^^^^^^^^^^^^^^^^^^^^^^^^^^^^^^^^^^^^^^^^^^^^^^^^^^^^^^^^^^^^^^^^
    )
    ^
  File "C:\Users\SofiePischl\Documents\01_HdM\10_ML_OPS\TrendAnalyseSocialMedia\venv\Lib\site-packages\httplib2\__init__.py", line 1444, in _request
    (response, content) = self._conn_request(conn, request_uri, method, body, headers)
                          ~~~~~~~~~~~~~~~~~~^^^^^^^^^^^^^^^^^^^^^^^^^^^^^^^^^^^^^^^^^^
  File "C:\Users\SofiePischl\Documents\01_HdM\10_ML_OPS\TrendAnalyseSocialMedia\venv\Lib\site-packages\httplib2\__init__.py", line 1367, in _conn_request
    conn.request(method, request_uri, body, headers)
    ~~~~~~~~~~~~^^^^^^^^^^^^^^^^^^^^^^^^^^^^^^^^^^^^
  File "C:\Python313\Lib\http\client.py", line 1338, in request
    self._send_request(method, url, body, headers, encode_chunked)
    ~~~~~~~~~~~~~~~~~~^^^^^^^^^^^^^^^^^^^^^^^^^^^^^^^^^^^^^^^^^^^^
  File "C:\Python313\Lib\http\client.py", line 1384, in _send_request
    self.endheaders(body, encode_chunked=encode_chunked)
    ~~~~~~~~~~~~~~~^^^^^^^^^^^^^^^^^^^^^^^^^^^^^^^^^^^^^
  File "C:\Python313\Lib\http\client.py", line 1333, in endheaders
    self._send_output(message_body, encode_chunked=encode_chunked)
    ~~~~~~~~~~~~~~~~~^^^^^^^^^^^^^^^^^^^^^^^^^^^^^^^^^^^^^^^^^^^^^
  File "C:\Python313\Lib\http\client.py", line 1093, in _send_output
    self.send(msg)
    ~~~~~~~~~^^^^^
  File "C:\Python313\Lib\http\client.py", line 1057, in send
    self.sock.sendall(data)
    ~~~~~~~~~~~~~~~~~^^^^^^
  File "C:\Python313\Lib\ssl.py", line 1263, in sendall
    v = self.send(byte_view[count:])
  File "C:\Python313\Lib\ssl.py", line 1232, in send
    return self._sslobj.write(data)
           ~~~~~~~~~~~~~~~~~~^^^^^^
ConnectionAbortedError: [WinError 10053] An established connection was aborted by the software in your host machine
2025-05-15 15:50:22,768 [INFO] Starting YouTube scraping for region DE...
2025-05-15 15:50:22,770 [ERROR] Error during YouTube scraping: [WinError 10053] An established connection was aborted by the software in your host machine
2025-05-15 15:50:22,770 [ERROR] Detailed error:
Traceback (most recent call last):
  File "c:\Users\SofiePischl\Documents\01_HdM\10_ML_OPS\TrendAnalyseSocialMedia\src\scheduler\jobs\youtube_scraper.py", line 141, in scrape_youtube_trending
    response = request.execute()
  File "C:\Users\SofiePischl\Documents\01_HdM\10_ML_OPS\TrendAnalyseSocialMedia\venv\Lib\site-packages\googleapiclient\_helpers.py", line 130, in positional_wrapper
    return wrapped(*args, **kwargs)
  File "C:\Users\SofiePischl\Documents\01_HdM\10_ML_OPS\TrendAnalyseSocialMedia\venv\Lib\site-packages\googleapiclient\http.py", line 923, in execute
    resp, content = _retry_request(
                    ~~~~~~~~~~~~~~^
        http,
        ^^^^^
    ...<7 lines>...
        headers=self.headers,
        ^^^^^^^^^^^^^^^^^^^^^
    )
    ^
  File "C:\Users\SofiePischl\Documents\01_HdM\10_ML_OPS\TrendAnalyseSocialMedia\venv\Lib\site-packages\googleapiclient\http.py", line 222, in _retry_request
    raise exception
  File "C:\Users\SofiePischl\Documents\01_HdM\10_ML_OPS\TrendAnalyseSocialMedia\venv\Lib\site-packages\googleapiclient\http.py", line 191, in _retry_request
    resp, content = http.request(uri, method, *args, **kwargs)
                    ~~~~~~~~~~~~^^^^^^^^^^^^^^^^^^^^^^^^^^^^^^
  File "C:\Users\SofiePischl\Documents\01_HdM\10_ML_OPS\TrendAnalyseSocialMedia\venv\Lib\site-packages\httplib2\__init__.py", line 1724, in request
    (response, content) = self._request(
                          ~~~~~~~~~~~~~^
        conn, authority, uri, request_uri, method, body, headers, redirections, cachekey,
        ^^^^^^^^^^^^^^^^^^^^^^^^^^^^^^^^^^^^^^^^^^^^^^^^^^^^^^^^^^^^^^^^^^^^^^^^^^^^^^^^^
    )
    ^
  File "C:\Users\SofiePischl\Documents\01_HdM\10_ML_OPS\TrendAnalyseSocialMedia\venv\Lib\site-packages\httplib2\__init__.py", line 1444, in _request
    (response, content) = self._conn_request(conn, request_uri, method, body, headers)
                          ~~~~~~~~~~~~~~~~~~^^^^^^^^^^^^^^^^^^^^^^^^^^^^^^^^^^^^^^^^^^
  File "C:\Users\SofiePischl\Documents\01_HdM\10_ML_OPS\TrendAnalyseSocialMedia\venv\Lib\site-packages\httplib2\__init__.py", line 1396, in _conn_request
    response = conn.getresponse()
  File "C:\Python313\Lib\http\client.py", line 1430, in getresponse
    response.begin()
    ~~~~~~~~~~~~~~^^
  File "C:\Python313\Lib\http\client.py", line 331, in begin
    version, status, reason = self._read_status()
                              ~~~~~~~~~~~~~~~~~^^
  File "C:\Python313\Lib\http\client.py", line 292, in _read_status
    line = str(self.fp.readline(_MAXLINE + 1), "iso-8859-1")
               ~~~~~~~~~~~~~~~~^^^^^^^^^^^^^^
  File "C:\Python313\Lib\socket.py", line 719, in readinto
    return self._sock.recv_into(b)
           ~~~~~~~~~~~~~~~~~~~~^^^
  File "C:\Python313\Lib\ssl.py", line 1304, in recv_into
    return self.read(nbytes, buffer)
           ~~~~~~~~~^^^^^^^^^^^^^^^^
  File "C:\Python313\Lib\ssl.py", line 1138, in read
    return self._sslobj.read(len, buffer)
           ~~~~~~~~~~~~~~~~~^^^^^^^^^^^^^
ConnectionAbortedError: [WinError 10053] An established connection was aborted by the software in your host machine
2025-05-15 16:33:02,171 [INFO] Starting YouTube scraping for region DE...
2025-05-15 16:33:02,586 [INFO] Successfully fetched trending videos from YouTube API
2025-05-15 16:33:02,587 [INFO] Found 50 trending videos
2025-05-15 16:33:05,363 [INFO] Successfully stored 50 YouTube videos in the database
2025-05-15 16:49:51,107 [INFO] Starting YouTube scraping for region DE...
2025-05-15 16:49:51,538 [INFO] Successfully fetched trending videos from YouTube API
2025-05-15 16:49:51,538 [INFO] Found 50 trending videos
2025-05-15 16:49:54,185 [INFO] Successfully stored 50 YouTube videos in the database
2025-05-15 17:06:40,402 [INFO] Starting YouTube scraping for region DE...
2025-05-15 17:06:40,783 [INFO] Successfully fetched trending videos from YouTube API
2025-05-15 17:06:40,784 [INFO] Found 50 trending videos
2025-05-15 17:06:43,468 [INFO] Successfully stored 50 YouTube videos in the database
2025-05-15 17:18:43,527 [INFO] Last scrape was 12.0 minutes ago - waiting
2025-05-15 17:35:10,948 [INFO] Starting YouTube scraping for region DE...
2025-05-15 17:35:11,653 [INFO] Successfully fetched trending videos from YouTube API
2025-05-15 17:35:11,654 [INFO] Found 50 trending videos
2025-05-15 17:35:14,367 [INFO] Successfully stored 50 YouTube videos in the database
2025-05-15 17:37:17,960 [INFO] Last scrape was 2.1 minutes ago - waiting
2025-05-15 17:38:56,276 [INFO] Last scrape was 3.7 minutes ago - waiting
2025-05-15 18:32:35,318 [INFO] Starting YouTube scraping for region DE...
2025-05-15 18:32:35,738 [INFO] Successfully fetched trending videos from YouTube API
2025-05-15 18:32:35,738 [INFO] Found 50 trending videos
2025-05-15 18:32:38,366 [INFO] Successfully stored 50 YouTube videos in the database
2025-05-15 18:39:13,633 [INFO] Last scrape was 6.6 minutes ago - waiting
2025-05-15 18:42:40,785 [INFO] Last scrape was 10.1 minutes ago - waiting
2025-05-15 18:42:44,095 [INFO] Last scrape was 10.1 minutes ago - waiting
